<?xml version="1.0" encoding="UTF-8"?>
<beans xmlns="http://www.springframework.org/schema/beans"
	xmlns:xsi="http://www.w3.org/2001/XMLSchema-instance" xmlns:aop="http://www.springframework.org/schema/aop"
	xmlns:tx="http://www.springframework.org/schema/tx" xmlns:context="http://www.springframework.org/schema/context"
	xsi:schemaLocation="
	http://www.springframework.org/schema/beans http://www.springframework.org/schema/beans/spring-beans-2.5.xsd
	http://www.springframework.org/schema/aop http://www.springframework.org/schema/aop/spring-aop-2.5.xsd
	http://www.springframework.org/schema/tx http://www.springframework.org/schema/tx/spring-tx-2.5.xsd
	http://www.springframework.org/schema/context http://www.springframework.org/schema/context/spring-context-2.5.xsd">

	<bean id="adviceTest" class="com.lucky.test.aop.notice.AdviceTest" />

	<context:property-placeholder location="classpath:/com/zsw/config/jdbc.properties"/>
	<bean id="helloWorld" class="com.lucky.test.aop.notice.HelloWorld" />

	<!--配置aop切面信息 -->
	<aop:config>
		<!--配置切面通知类信息 -->
		<aop:aspect ref="adviceTest">
			<!--配置切点的信息，通知类的那个方法，以及要在那个类之前还是之后进行切入 -->
			<aop:pointcut expression="execution( * *..*.HelloWorld.sayHello(..))"
				id="sayHelloPointcut" />

			<!-- <aop:pointcut expression="execution( * *..*.HelloWorld.sayHello())" -->
			<!-- id="sayHelloPointcut2" /> -->
			<!--配置时间点 -->
			<aop:before method="adviceTest" pointcut-ref="sayHelloPointcut" />
			<aop:around method="adviceTest2" pointcut-ref="sayHelloPointcut" />
		</aop:aspect>

	</aop:config>


</beans>